TN:
SF:src\App.vue
FN:5,(anonymous_0)
FN:47,render
FNF:2
FNH:0
FNDA:0,(anonymous_0)
FNDA:0,render
DA:8,0
DA:9,0
DA:28,0
DA:33,0
DA:37,0
DA:42,0
DA:45,0
DA:46,0
DA:48,0
DA:49,0
DA:50,0
LF:11
LH:0
BRF:0
BRH:0
end_of_record
TN:
SF:src\components\About.vue
FN:11,render
FNF:1
FNH:0
FNDA:0,render
DA:3,0
DA:6,0
DA:7,0
DA:8,0
DA:12,0
DA:19,0
LF:6
LH:0
BRDA:12,0,0,0
BRDA:12,0,1,0
BRF:2
BRH:0
end_of_record
TN:
SF:src\components\IAAnalysisPage.vue
FN:5,(anonymous_0)
FN:60,(anonymous_1)
FN:62,(anonymous_2)
FN:63,(anonymous_3)
FN:64,(anonymous_4)
FN:66,(anonymous_5)
FN:80,renderChart
FN:84,(anonymous_7)
FN:147,formatDate
FN:159,(anonymous_9)
FN:162,(anonymous_10)
FN:171,(anonymous_11)
FN:252,render
FN:259,(anonymous_13)
FN:266,(anonymous_14)
FN:275,(anonymous_15)
FN:282,(anonymous_16)
FN:290,(anonymous_17)
FN:294,(anonymous_18)
FN:301,(anonymous_19)
FN:304,(anonymous_20)
FNF:21
FNH:0
FNDA:0,(anonymous_0)
FNDA:0,(anonymous_1)
FNDA:0,(anonymous_2)
FNDA:0,(anonymous_3)
FNDA:0,(anonymous_4)
FNDA:0,(anonymous_5)
FNDA:0,renderChart
FNDA:0,(anonymous_7)
FNDA:0,formatDate
FNDA:0,(anonymous_9)
FNDA:0,(anonymous_10)
FNDA:0,(anonymous_11)
FNDA:0,render
FNDA:0,(anonymous_13)
FNDA:0,(anonymous_14)
FNDA:0,(anonymous_15)
FNDA:0,(anonymous_16)
FNDA:0,(anonymous_17)
FNDA:0,(anonymous_18)
FNDA:0,(anonymous_19)
FNDA:0,(anonymous_20)
DA:8,0
DA:9,0
DA:18,0
DA:53,0
DA:54,0
DA:55,0
DA:56,0
DA:57,0
DA:58,0
DA:59,0
DA:60,0
DA:61,0
DA:62,0
DA:63,0
DA:64,0
DA:65,0
DA:66,0
DA:74,0
DA:75,0
DA:76,0
DA:77,0
DA:81,0
DA:82,0
DA:84,0
DA:85,0
DA:86,0
DA:134,0
DA:148,0
DA:150,0
DA:160,0
DA:163,0
DA:172,0
DA:175,0
DA:179,0
DA:184,0
DA:187,0
DA:188,0
DA:189,0
DA:192,0
DA:195,0
DA:196,0
DA:197,0
DA:198,0
DA:203,0
DA:207,0
DA:210,0
DA:217,0
DA:222,0
DA:225,0
DA:228,0
DA:231,0
DA:234,0
DA:237,0
DA:240,0
DA:243,0
DA:246,0
DA:249,0
DA:253,0
DA:260,0
DA:267,0
DA:276,0
DA:283,0
DA:291,0
DA:295,0
DA:302,0
DA:305,0
DA:310,0
LF:67
LH:0
BRDA:81,0,0,0
BRDA:81,0,1,0
BRDA:85,1,0,0
BRDA:85,1,1,0
BRDA:253,2,0,0
BRDA:253,2,1,0
BRDA:253,3,0,0
BRDA:253,3,1,0
BRDA:255,4,0,0
BRDA:255,4,1,0
BRDA:259,5,0,0
BRDA:259,5,1,0
BRDA:263,6,0,0
BRDA:263,6,1,0
BRDA:271,7,0,0
BRDA:271,7,1,0
BRDA:275,8,0,0
BRDA:275,8,1,0
BRDA:279,9,0,0
BRDA:279,9,1,0
BRDA:290,10,0,0
BRDA:290,10,1,0
BRDA:290,11,0,0
BRDA:290,11,1,0
BRDA:290,12,0,0
BRDA:290,12,1,0
BRDA:290,13,0,0
BRDA:290,13,1,0
BRDA:290,14,0,0
BRDA:290,14,1,0
BRDA:290,15,0,0
BRDA:290,15,1,0
BRDA:290,16,0,0
BRDA:290,16,1,0
BRDA:290,17,0,0
BRDA:290,17,1,0
BRDA:290,18,0,0
BRDA:290,18,1,0
BRDA:294,19,0,0
BRDA:294,19,1,0
BRDA:298,20,0,0
BRDA:298,20,1,0
BRDA:301,21,0,0
BRDA:301,21,1,0
BRDA:301,22,0,0
BRDA:301,22,1,0
BRF:46
BRH:0
end_of_record
TN:
SF:src\components\Status.vue
FN:6,(anonymous_0)
FN:18,(anonymous_1)
FN:32,(anonymous_2)
FN:63,(anonymous_3)
FN:66,(anonymous_4)
FN:69,(anonymous_5)
FN:121,render
FN:144,(anonymous_7)
FNF:8
FNH:0
FNDA:0,(anonymous_0)
FNDA:0,(anonymous_1)
FNDA:0,(anonymous_2)
FNDA:0,(anonymous_3)
FNDA:0,(anonymous_4)
FNDA:0,(anonymous_5)
FNDA:0,render
FNDA:0,(anonymous_7)
DA:9,0
DA:10,0
DA:11,0
DA:12,0
DA:13,0
DA:14,0
DA:15,0
DA:18,0
DA:19,0
DA:20,0
DA:21,0
DA:23,0
DA:25,0
DA:26,0
DA:27,0
DA:29,0
DA:32,0
DA:34,0
DA:37,0
DA:38,0
DA:39,0
DA:40,0
DA:43,0
DA:44,0
DA:46,0
DA:49,0
DA:51,0
DA:53,0
DA:64,0
DA:67,0
DA:70,0
DA:73,0
DA:77,0
DA:82,0
DA:85,0
DA:86,0
DA:87,0
DA:90,0
DA:93,0
DA:96,0
DA:99,0
DA:103,0
DA:107,0
DA:111,0
DA:115,0
DA:118,0
DA:122,0
DA:145,0
DA:150,0
LF:49
LH:0
BRDA:37,0,0,0
BRDA:37,0,1,0
BRDA:43,1,0,0
BRDA:43,1,1,0
BRDA:122,2,0,0
BRDA:122,2,1,0
BRDA:127,3,0,0
BRDA:127,3,1,0
BRDA:133,4,0,0
BRDA:133,4,1,0
BRDA:134,5,0,0
BRDA:134,5,1,0
BRDA:134,6,0,0
BRDA:134,6,1,0
BRDA:137,7,0,0
BRDA:137,7,1,0
BRDA:138,8,0,0
BRDA:138,8,1,0
BRDA:138,9,0,0
BRDA:138,9,1,0
BRDA:138,10,0,0
BRDA:138,10,1,0
BRDA:138,11,0,0
BRDA:138,11,1,0
BRDA:138,12,0,0
BRDA:138,12,1,0
BRF:26
BRH:0
end_of_record
TN:
SF:src\components\dashboard\ChartTest.vue
FN:7,(anonymous_0)
FN:21,(anonymous_1)
FN:24,(anonymous_2)
FN:25,(anonymous_3)
FN:34,(anonymous_4)
FN:37,(anonymous_5)
FN:40,(anonymous_6)
FN:43,(anonymous_7)
FN:46,(anonymous_8)
FN:49,(anonymous_9)
FN:52,(anonymous_10)
FN:55,(anonymous_11)
FN:58,(anonymous_12)
FN:61,(anonymous_13)
FN:79,render
FNF:15
FNH:0
FNDA:0,(anonymous_0)
FNDA:0,(anonymous_1)
FNDA:0,(anonymous_2)
FNDA:0,(anonymous_3)
FNDA:0,(anonymous_4)
FNDA:0,(anonymous_5)
FNDA:0,(anonymous_6)
FNDA:0,(anonymous_7)
FNDA:0,(anonymous_8)
FNDA:0,(anonymous_9)
FNDA:0,(anonymous_10)
FNDA:0,(anonymous_11)
FNDA:0,(anonymous_12)
FNDA:0,(anonymous_13)
FNDA:0,render
DA:10,0
DA:11,0
DA:12,0
DA:21,0
DA:22,0
DA:23,0
DA:24,0
DA:25,0
DA:27,0
DA:30,0
DA:35,0
DA:38,0
DA:41,0
DA:44,0
DA:47,0
DA:50,0
DA:53,0
DA:56,0
DA:59,0
DA:62,0
DA:65,0
DA:69,0
DA:74,0
DA:77,0
DA:78,0
DA:80,0
DA:83,0
LF:27
LH:0
BRF:0
BRH:0
end_of_record
TN:
SF:src\components\dashboard\Dashboard.vue
FN:10,(anonymous_0)
FN:62,(anonymous_1)
FN:65,(anonymous_2)
FN:66,(anonymous_3)
FN:76,(anonymous_4)
FN:79,(anonymous_5)
FN:82,(anonymous_6)
FN:85,(anonymous_7)
FN:88,(anonymous_8)
FN:91,(anonymous_9)
FN:94,(anonymous_10)
FN:97,(anonymous_11)
FN:100,(anonymous_12)
FN:103,(anonymous_13)
FN:127,render
FNF:15
FNH:0
FNDA:0,(anonymous_0)
FNDA:0,(anonymous_1)
FNDA:0,(anonymous_2)
FNDA:0,(anonymous_3)
FNDA:0,(anonymous_4)
FNDA:0,(anonymous_5)
FNDA:0,(anonymous_6)
FNDA:0,(anonymous_7)
FNDA:0,(anonymous_8)
FNDA:0,(anonymous_9)
FNDA:0,(anonymous_10)
FNDA:0,(anonymous_11)
FNDA:0,(anonymous_12)
FNDA:0,(anonymous_13)
FNDA:0,render
DA:13,0
DA:14,0
DA:17,0
DA:31,0
DA:62,0
DA:63,0
DA:64,0
DA:65,0
DA:66,0
DA:68,0
DA:71,0
DA:77,0
DA:80,0
DA:83,0
DA:86,0
DA:89,0
DA:92,0
DA:95,0
DA:98,0
DA:101,0
DA:104,0
DA:107,0
DA:111,0
DA:116,0
DA:119,0
DA:120,0
DA:121,0
DA:124,0
DA:128,0
DA:140,0
LF:30
LH:0
BRDA:128,0,0,0
BRDA:128,0,1,0
BRDA:134,1,0,0
BRDA:134,1,1,0
BRF:4
BRH:0
end_of_record
TN:
SF:src\components\etl\CSVUploader.vue
FN:7,(anonymous_0)
FN:23,(anonymous_1)
FN:27,(anonymous_2)
FN:30,(anonymous_3)
FN:36,(anonymous_4)
FN:39,(anonymous_5)
FN:43,(anonymous_6)
FN:70,(anonymous_7)
FN:87,(anonymous_8)
FN:92,(anonymous_9)
FN:98,(anonymous_10)
FN:105,(anonymous_11)
FN:112,(anonymous_12)
FN:142,(anonymous_13)
FN:202,render
FNF:15
FNH:0
FNDA:0,(anonymous_0)
FNDA:0,(anonymous_1)
FNDA:0,(anonymous_2)
FNDA:0,(anonymous_3)
FNDA:0,(anonymous_4)
FNDA:0,(anonymous_5)
FNDA:0,(anonymous_6)
FNDA:0,(anonymous_7)
FNDA:0,(anonymous_8)
FNDA:0,(anonymous_9)
FNDA:0,(anonymous_10)
FNDA:0,(anonymous_11)
FNDA:0,(anonymous_12)
FNDA:0,(anonymous_13)
FNDA:0,render
DA:11,0
DA:12,0
DA:13,0
DA:14,0
DA:15,0
DA:16,0
DA:17,0
DA:18,0
DA:19,0
DA:20,0
DA:21,0
DA:22,0
DA:23,0
DA:24,0
DA:25,0
DA:27,0
DA:28,0
DA:30,0
DA:31,0
DA:32,0
DA:33,0
DA:34,0
DA:36,0
DA:37,0
DA:39,0
DA:40,0
DA:41,0
DA:43,0
DA:44,0
DA:45,0
DA:46,0
DA:48,0
DA:49,0
DA:50,0
DA:65,0
DA:66,0
DA:67,0
DA:68,0
DA:70,0
DA:71,0
DA:72,0
DA:73,0
DA:74,0
DA:75,0
DA:76,0
DA:77,0
DA:78,0
DA:82,0
DA:83,0
DA:84,0
DA:87,0
DA:88,0
DA:89,0
DA:90,0
DA:92,0
DA:93,0
DA:94,0
DA:95,0
DA:96,0
DA:98,0
DA:99,0
DA:100,0
DA:101,0
DA:102,0
DA:103,0
DA:105,0
DA:106,0
DA:107,0
DA:108,0
DA:109,0
DA:110,0
DA:112,0
DA:113,0
DA:114,0
DA:115,0
DA:117,0
DA:143,0
DA:147,0
DA:151,0
DA:156,0
DA:159,0
DA:160,0
DA:161,0
DA:164,0
DA:167,0
DA:171,0
DA:175,0
DA:178,0
DA:182,0
DA:185,0
DA:189,0
DA:193,0
DA:196,0
DA:199,0
DA:204,0
DA:271,0
LF:96
LH:0
BRDA:34,0,0,0
BRDA:34,0,1,0
BRDA:37,1,0,0
BRDA:37,1,1,0
BRDA:41,2,0,0
BRDA:41,2,1,0
BRDA:44,3,0,0
BRDA:44,3,1,0
BRDA:48,4,0,0
BRDA:48,4,1,0
BRDA:96,5,0,0
BRDA:96,5,1,0
BRDA:99,6,0,0
BRDA:99,6,1,0
BRDA:223,7,0,0
BRDA:223,7,1,0
BRDA:223,8,0,0
BRDA:223,8,1,0
BRDA:225,9,0,0
BRDA:225,9,1,0
BRDA:225,10,0,0
BRDA:225,10,1,0
BRDA:239,11,0,0
BRDA:239,11,1,0
BRDA:244,12,0,0
BRDA:244,12,1,0
BRDA:244,13,0,0
BRDA:244,13,1,0
BRDA:244,14,0,0
BRDA:244,14,1,0
BRDA:244,15,0,0
BRDA:244,15,1,0
BRDA:258,16,0,0
BRDA:258,16,1,0
BRDA:263,17,0,0
BRDA:263,17,1,0
BRDA:263,18,0,0
BRDA:263,18,1,0
BRDA:263,19,0,0
BRDA:263,19,1,0
BRDA:266,20,0,0
BRDA:266,20,1,0
BRF:42
BRH:0
end_of_record
TN:
SF:src\components\etl\EtlMain.vue
FN:7,(anonymous_0)
FN:14,(anonymous_1)
FN:15,(anonymous_2)
FN:18,(anonymous_3)
FN:19,(anonymous_4)
FN:22,(anonymous_5)
FN:32,(anonymous_6)
FN:37,(anonymous_7)
FN:41,(anonymous_8)
FN:44,(anonymous_9)
FN:47,(anonymous_10)
FN:75,(anonymous_11)
FN:78,(anonymous_12)
FN:98,(anonymous_13)
FN:101,(anonymous_14)
FN:154,render
FN:166,(anonymous_16)
FN:174,onClick
FN:178,onClick
FNF:19
FNH:0
FNDA:0,(anonymous_0)
FNDA:0,(anonymous_1)
FNDA:0,(anonymous_2)
FNDA:0,(anonymous_3)
FNDA:0,(anonymous_4)
FNDA:0,(anonymous_5)
FNDA:0,(anonymous_6)
FNDA:0,(anonymous_7)
FNDA:0,(anonymous_8)
FNDA:0,(anonymous_9)
FNDA:0,(anonymous_10)
FNDA:0,(anonymous_11)
FNDA:0,(anonymous_12)
FNDA:0,(anonymous_13)
FNDA:0,(anonymous_14)
FNDA:0,render
FNDA:0,(anonymous_16)
FNDA:0,onClick
FNDA:0,onClick
DA:10,0
DA:11,0
DA:12,0
DA:13,0
DA:14,0
DA:15,0
DA:16,0
DA:18,0
DA:19,0
DA:20,0
DA:22,0
DA:23,0
DA:24,0
DA:25,0
DA:27,0
DA:29,0
DA:32,0
DA:33,0
DA:34,0
DA:35,0
DA:36,0
DA:37,0
DA:39,0
DA:41,0
DA:44,0
DA:45,0
DA:47,0
DA:48,0
DA:50,0
DA:56,0
DA:62,0
DA:68,0
DA:75,0
DA:76,0
DA:78,0
DA:79,0
DA:81,0
DA:99,0
DA:102,0
DA:105,0
DA:109,0
DA:114,0
DA:117,0
DA:118,0
DA:119,0
DA:122,0
DA:125,0
DA:128,0
DA:131,0
DA:134,0
DA:137,0
DA:138,0
DA:142,0
DA:146,0
DA:149,0
DA:152,0
DA:153,0
DA:155,0
DA:167,0
DA:175,0
DA:179,0
DA:185,0
LF:62
LH:0
BRDA:33,0,0,0
BRDA:33,0,1,0
BRDA:48,1,0,0
BRDA:48,1,1,0
BRDA:48,1,2,0
BRDA:48,1,3,0
BRDA:155,2,0,0
BRDA:155,2,1,0
BRDA:155,3,0,0
BRDA:155,3,1,0
BRDA:158,4,0,0
BRDA:158,4,1,0
BRDA:161,5,0,0
BRDA:161,5,1,0
BRDA:164,6,0,0
BRDA:164,6,1,0
BRDA:164,7,0,0
BRDA:164,7,1,0
BRDA:164,8,0,0
BRDA:164,8,1,0
BRDA:166,9,0,0
BRDA:166,9,1,0
BRDA:183,10,0,0
BRDA:183,10,1,0
BRF:24
BRH:0
end_of_record
TN:
SF:src\components\etl\FileUploader.vue
FN:5,(anonymous_0)
FN:12,(anonymous_1)
FN:15,(anonymous_2)
FN:35,(anonymous_3)
FN:61,render
FN:69,(anonymous_5)
FNF:6
FNH:0
FNDA:0,(anonymous_0)
FNDA:0,(anonymous_1)
FNDA:0,(anonymous_2)
FNDA:0,(anonymous_3)
FNDA:0,render
FNDA:0,(anonymous_5)
DA:8,0
DA:9,0
DA:10,0
DA:11,0
DA:12,0
DA:13,0
DA:15,0
DA:16,0
DA:17,0
DA:18,0
DA:19,0
DA:21,0
DA:22,0
DA:23,0
DA:25,0
DA:28,0
DA:36,0
DA:39,0
DA:43,0
DA:48,0
DA:51,0
DA:52,0
DA:53,0
DA:56,0
DA:60,0
DA:62,0
DA:70,0
DA:84,0
LF:28
LH:0
BRDA:17,0,0,0
BRDA:17,0,1,0
BRDA:17,1,0,0
BRDA:17,1,1,0
BRDA:62,2,0,0
BRDA:62,2,1,0
BRDA:69,3,0,0
BRDA:69,3,1,0
BRDA:79,4,0,0
BRDA:79,4,1,0
BRDA:81,5,0,0
BRDA:81,5,1,0
BRDA:82,6,0,0
BRDA:82,6,1,0
BRDA:82,7,0,0
BRDA:82,7,1,0
BRF:16
BRH:0
end_of_record
TN:
SF:src\components\etl\TitleModal.vue
FN:5,(anonymous_0)
FN:12,(anonymous_1)
FN:46,render
FN:49,(anonymous_3)
FN:58,(anonymous_4)
FNF:5
FNH:0
FNDA:0,(anonymous_0)
FNDA:0,(anonymous_1)
FNDA:0,render
FNDA:0,(anonymous_3)
FNDA:0,(anonymous_4)
DA:9,0
DA:10,0
DA:11,0
DA:12,0
DA:13,0
DA:14,0
DA:15,0
DA:17,0
DA:23,0
DA:27,0
DA:32,0
DA:35,0
DA:36,0
DA:37,0
DA:40,0
DA:43,0
DA:47,0
DA:50,0
DA:59,0
DA:62,0
LF:20
LH:0
BRDA:14,0,0,0
BRDA:14,0,1,0
BRDA:47,1,0,0
BRDA:47,1,1,0
BRDA:49,2,0,0
BRDA:49,2,1,0
BRDA:58,3,0,0
BRDA:58,3,1,0
BRF:8
BRH:0
end_of_record
TN:
SF:src\components\etl\URLDownloader.vue
FN:6,(anonymous_0)
FN:17,(anonymous_1)
FN:27,(anonymous_2)
FN:48,(anonymous_3)
FN:90,render
FN:92,(anonymous_5)
FN:97,(anonymous_6)
FNF:7
FNH:0
FNDA:0,(anonymous_0)
FNDA:0,(anonymous_1)
FNDA:0,(anonymous_2)
FNDA:0,(anonymous_3)
FNDA:0,render
FNDA:0,(anonymous_5)
FNDA:0,(anonymous_6)
DA:10,0
DA:11,0
DA:12,0
DA:13,0
DA:14,0
DA:15,0
DA:16,0
DA:17,0
DA:18,0
DA:19,0
DA:20,0
DA:21,0
DA:22,0
DA:23,0
DA:24,0
DA:25,0
DA:26,0
DA:27,0
DA:28,0
DA:31,0
DA:32,0
DA:33,0
DA:35,0
DA:36,0
DA:39,0
DA:49,0
DA:52,0
DA:56,0
DA:61,0
DA:64,0
DA:65,0
DA:66,0
DA:69,0
DA:72,0
DA:73,0
DA:77,0
DA:78,0
DA:82,0
DA:86,0
DA:91,0
DA:93,0
DA:98,0
DA:130,0
LF:43
LH:0
BRDA:18,0,0,0
BRDA:18,0,1,0
BRDA:32,1,0,0
BRDA:32,1,1,0
BRDA:91,2,0,0
BRDA:91,2,1,0
BRDA:92,3,0,0
BRDA:92,3,1,0
BRDA:96,4,0,0
BRDA:96,4,1,0
BRDA:96,5,0,0
BRDA:96,5,1,0
BRDA:96,6,0,0
BRDA:96,6,1,0
BRDA:96,7,0,0
BRDA:96,7,1,0
BRDA:97,8,0,0
BRDA:97,8,1,0
BRDA:101,9,0,0
BRDA:101,9,1,0
BRDA:101,10,0,0
BRDA:101,10,1,0
BRDA:101,11,0,0
BRDA:101,11,1,0
BRDA:101,12,0,0
BRDA:101,12,1,0
BRDA:101,13,0,0
BRDA:101,13,1,0
BRDA:101,14,0,0
BRDA:101,14,1,0
BRDA:115,15,0,0
BRDA:115,15,1,0
BRDA:115,16,0,0
BRDA:115,16,1,0
BRF:34
BRH:0
end_of_record
TN:
SF:src\components\header\Header.vue
FN:16,(anonymous_0)
FN:56,render
FNF:2
FNH:0
FNDA:0,(anonymous_0)
FNDA:0,render
DA:19,0
DA:20,0
DA:21,0
DA:27,0
DA:31,0
DA:36,0
DA:39,0
DA:40,0
DA:41,0
DA:44,0
DA:47,0
DA:50,0
DA:53,0
DA:57,0
DA:58,0
LF:15
LH:0
BRF:0
BRH:0
end_of_record
TN:
SF:src\components\header\HeaderWhite.vue
FN:4,(anonymous_0)
FN:31,render
FN:39,(anonymous_2)
FN:47,(anonymous_3)
FN:55,(anonymous_4)
FN:63,(anonymous_5)
FN:71,(anonymous_6)
FN:79,(anonymous_7)
FNF:8
FNH:0
FNDA:0,(anonymous_0)
FNDA:0,render
FNDA:0,(anonymous_2)
FNDA:0,(anonymous_3)
FNDA:0,(anonymous_4)
FNDA:0,(anonymous_5)
FNDA:0,(anonymous_6)
FNDA:0,(anonymous_7)
DA:7,0
DA:8,0
DA:11,0
DA:15,0
DA:20,0
DA:23,0
DA:24,0
DA:25,0
DA:28,0
DA:32,0
DA:33,0
DA:40,0
DA:48,0
DA:56,0
DA:64,0
DA:72,0
DA:80,0
DA:84,0
LF:18
LH:0
BRDA:33,0,0,0
BRDA:33,0,1,0
BRDA:40,1,0,0
BRDA:40,1,1,0
BRDA:48,2,0,0
BRDA:48,2,1,0
BRDA:56,3,0,0
BRDA:56,3,1,0
BRDA:64,4,0,0
BRDA:64,4,1,0
BRDA:72,5,0,0
BRDA:72,5,1,0
BRDA:80,6,0,0
BRDA:80,6,1,0
BRF:14
BRH:0
end_of_record
TN:
SF:src\components\header\NavItem.vue
FN:13,(anonymous_0)
FN:35,render
FN:43,(anonymous_2)
FNF:3
FNH:0
FNDA:0,(anonymous_0)
FNDA:0,render
FNDA:0,(anonymous_2)
DA:16,0
DA:17,0
DA:18,0
DA:21,0
DA:25,0
DA:30,0
DA:33,0
DA:34,0
DA:36,0
DA:37,0
DA:44,0
DA:48,0
LF:12
LH:0
BRF:0
BRH:0
end_of_record
TN:
SF:src\components\header\Navbar.vue
FN:5,(anonymous_0)
FN:50,render
FN:51,(anonymous_2)
FNF:3
FNH:0
FNDA:0,(anonymous_0)
FNDA:0,render
FNDA:0,(anonymous_2)
DA:8,0
DA:9,0
DA:28,0
DA:33,0
DA:37,0
DA:42,0
DA:45,0
DA:46,0
DA:47,0
DA:51,0
DA:52,0
DA:58,0
LF:12
LH:0
BRF:0
BRH:0
end_of_record
TN:
SF:src\components\home\Home.vue
FN:5,(anonymous_0)
FN:53,render
FN:54,(anonymous_2)
FNF:3
FNH:0
FNDA:0,(anonymous_0)
FNDA:0,render
FNDA:0,(anonymous_2)
DA:8,0
DA:9,0
DA:34,0
DA:39,0
DA:43,0
DA:48,0
DA:51,0
DA:52,0
DA:54,0
DA:55,0
DA:62,0
LF:11
LH:0
BRF:0
BRH:0
end_of_record
TN:
SF:src\components\home\HomeItem.vue
FN:21,(anonymous_0)
FN:55,render
FN:62,(anonymous_2)
FNF:3
FNH:0
FNDA:0,(anonymous_0)
FNDA:0,render
FNDA:0,(anonymous_2)
DA:24,0
DA:25,0
DA:26,0
DA:29,0
DA:33,0
DA:38,0
DA:41,0
DA:42,0
DA:43,0
DA:46,0
DA:49,0
DA:52,0
DA:56,0
DA:57,0
DA:63,0
DA:69,0
LF:16
LH:0
BRF:0
BRH:0
end_of_record
TN:
SF:src\services\api.js
FNF:0
FNH:0
DA:3,0
LF:1
LH:0
BRF:0
BRH:0
end_of_record
TN:
SF:src\services\dataServices.js
FN:3,(anonymous_0)
FN:19,(anonymous_1)
FN:28,(anonymous_2)
FNF:3
FNH:0
FNDA:0,(anonymous_0)
FNDA:0,(anonymous_1)
FNDA:0,(anonymous_2)
DA:3,0
DA:4,0
DA:5,0
DA:6,0
DA:8,0
DA:9,0
DA:19,0
DA:20,0
DA:21,0
DA:22,0
DA:24,0
DA:28,0
DA:29,0
DA:30,0
DA:31,0
DA:33,0
LF:16
LH:0
BRDA:3,0,0,0
BRF:1
BRH:0
end_of_record
TN:
SF:src\services\etlService.js
FN:5,(anonymous_0)
FN:30,(anonymous_1)
FN:42,(anonymous_2)
FN:56,(anonymous_3)
FN:71,(anonymous_4)
FNF:5
FNH:0
FNDA:0,(anonymous_0)
FNDA:0,(anonymous_1)
FNDA:0,(anonymous_2)
FNDA:0,(anonymous_3)
FNDA:0,(anonymous_4)
DA:3,0
DA:5,0
DA:6,0
DA:7,0
DA:9,0
DA:10,0
DA:11,0
DA:12,0
DA:14,0
DA:23,0
DA:25,0
DA:26,0
DA:30,0
DA:31,0
DA:32,0
DA:35,0
DA:37,0
DA:38,0
DA:42,0
DA:43,0
DA:44,0
DA:46,0
DA:47,0
DA:49,0
DA:51,0
DA:52,0
DA:56,0
DA:57,0
DA:58,0
DA:60,0
DA:61,0
DA:64,0
DA:66,0
DA:67,0
DA:71,0
DA:72,0
DA:73,0
DA:77,0
DA:78,0
DA:81,0
DA:83,0
DA:84,0
LF:42
LH:0
BRDA:7,0,0,0
BRDA:7,0,1,0
BRDA:38,1,0,0
BRDA:38,1,1,0
BRDA:46,2,0,0
BRDA:46,2,1,0
BRDA:60,3,0,0
BRDA:60,3,1,0
BRDA:77,4,0,0
BRDA:77,4,1,0
BRF:10
BRH:0
end_of_record
